<?xml version="1.0" encoding="UTF-8" ?>
<testsuite tests="26" failures="0" name="com.vdzon.msw.cucumber.RegressionTest" time="30.834" errors="0" skipped="0">
  <properties>
[...]
</properties>
  <testcase classname="Given I navigate to the home page     " name="Given I navigate to the home page     " time="0.008"/>
  <testcase classname="When I press login      " name="When I press login      " time="0.009"/>
  <testcase classname="When I try to login with \&apos;valid\&apos; credentials       " name="When I try to login with \&apos;valid\&apos; credentials       " time="0.001"/>
  <testcase classname="Then I should see that I logged in \&apos;successfully\&apos;        " name="Then I should see that I logged in \&apos;successfully\&apos;        " time="0.002"/>
  <testcase classname="Then I logout         " name="Then I logout         " time="0"/>
  <testcase classname="| valid | successfully |    " name="| valid | successfully |    " time="0.001"/>
  <testcase classname="Given I navigate to the home page           " name="Given I navigate to the home page           " time="0"/>
  <testcase classname="When I press login            " name="When I press login            " time="0"/>
  <testcase classname="When I try to login with \&apos;invalid\&apos; credentials             " name="When I try to login with \&apos;invalid\&apos; credentials             " time="0"/>
  <testcase classname="Then I should see that I logged in \&apos;unsuccessfully\&apos;              " name="Then I should see that I logged in \&apos;unsuccessfully\&apos;              " time="0"/>
  <testcase classname="Then I logout               " name="Then I logout               " time="0"/>
  <testcase classname="| invalid | unsuccessfully |          " name="| invalid | unsuccessfully |          " time="0.001"/>
  <testcase classname="When I logout                  " name="When I logout                  " time="0"/>
  <testcase classname="Given I navigate to the home page                   " name="Given I navigate to the home page                   " time="0"/>
  <testcase classname="When I press login                    " name="When I press login                    " time="0"/>
  <testcase classname="When I try to login with \&apos;valid\&apos; credentials                     " name="When I try to login with \&apos;valid\&apos; credentials                     " time="0"/>
  <testcase classname="When I press competition main button                      " name="When I press competition main button                      " time="0"/>
  <testcase classname="Then I should see the compotitions page                       " name="Then I should see the compotitions page                       " time="0"/>
  <testcase classname="Scenario: Open the competition page                 " name="Scenario: Open the competition page                 " time="0"/>
  <testcase classname="When I logout                         " name="When I logout                         " time="0"/>
  <testcase classname="Given I navigate to the home page                          " name="Given I navigate to the home page                          " time="0.001"/>
  <testcase classname="When I press login                           " name="When I press login                           " time="0"/>
  <testcase classname="When I try to login with \&apos;valid\&apos; credentials                            " name="When I try to login with \&apos;valid\&apos; credentials                            " time="0"/>
  <testcase classname="When I press competition main button                             " name="When I press competition main button                             " time="0"/>
  <testcase classname="Then I should see the compotitions page                              " name="Then I should see the compotitions page                              " time="0.001"/>
  <testcase classname="Scenario: Open the competition page again                        " name="Scenario: Open the competition page again                        " time="0.001"/>
</testsuite>